persistentvolume/pv-nfs-imanager configured
persistentvolume/pv-nfs-mysql configured
persistentvolume/pv-nfs-elasticsearch configured
persistentvolume/pv-nfs-kibana configured
persistentvolume/pv-nfs-prometheus configured
persistentvolume/pv-nfs-grafana configured
clusterrole.rbac.authorization.k8s.io/k8s-dashboard configured
clusterrolebinding.rbac.authorization.k8s.io/k8s-dashboard configured
clusterrole.rbac.authorization.k8s.io/prometheus configured
clusterrolebinding.rbac.authorization.k8s.io/prometheus configured
clusterrole.rbac.authorization.k8s.io/elasticsearch configured
clusterrolebinding.rbac.authorization.k8s.io/elasticsearch configured
clusterrole.rbac.authorization.k8s.io/kube-state-metrics configured
clusterrolebinding.rbac.authorization.k8s.io/kube-state-metrics configured
clusterrole.rbac.authorization.k8s.io/fluentd-es configured
clusterrolebinding.rbac.authorization.k8s.io/fluentd-es configured
clusterrole.rbac.authorization.k8s.io/system:metrics-server configured
clusterrolebinding.rbac.authorization.k8s.io/system:metrics-server configured
clusterrolebinding.rbac.authorization.k8s.io/metrics-server:system:auth-delegator configured
apiservice.apiregistration.k8s.io/v1beta1.metrics.k8s.io configured
clusterrole.rbac.authorization.k8s.io/nfs-client-provisioner-runner configured
clusterrolebinding.rbac.authorization.k8s.io/run-nfs-client-provisioner configured
storageclass.storage.k8s.io/appset-nfs-storage-class configured
persistentvolume/pv-nfs-imanager configured
persistentvolume/pv-nfs-mysql configured
persistentvolume/pv-nfs-elasticsearch configured
persistentvolume/pv-nfs-kibana configured
persistentvolume/pv-nfs-prometheus configured
persistentvolume/pv-nfs-grafana configured
clusterrole.rbac.authorization.k8s.io/k8s-dashboard configured
clusterrolebinding.rbac.authorization.k8s.io/k8s-dashboard configured
clusterrole.rbac.authorization.k8s.io/prometheus configured
clusterrolebinding.rbac.authorization.k8s.io/prometheus configured
clusterrole.rbac.authorization.k8s.io/elasticsearch configured
clusterrolebinding.rbac.authorization.k8s.io/elasticsearch configured
clusterrole.rbac.authorization.k8s.io/kube-state-metrics configured
clusterrolebinding.rbac.authorization.k8s.io/kube-state-metrics configured
clusterrole.rbac.authorization.k8s.io/fluentd-es configured
clusterrolebinding.rbac.authorization.k8s.io/fluentd-es configured
clusterrole.rbac.authorization.k8s.io/system:metrics-server configured
clusterrolebinding.rbac.authorization.k8s.io/system:metrics-server configured
clusterrolebinding.rbac.authorization.k8s.io/metrics-server:system:auth-delegator configured
apiservice.apiregistration.k8s.io/v1beta1.metrics.k8s.io configured
clusterrole.rbac.authorization.k8s.io/nfs-client-provisioner-runner configured
clusterrolebinding.rbac.authorization.k8s.io/run-nfs-client-provisioner configured
storageclass.storage.k8s.io/appset-nfs-storage-class configured
